Mplus VERSION 8.3 (Mac)
MUTHEN & MUTHEN
11/09/2022   3:16 PM

INPUT INSTRUCTIONS

  Title:
    Two level multilevel model in Mplus
  Data:
    File is Final_ISDP_72_Mplus2022-07-05.csv;
  Variable:
    NAMES =
  id
  age
  event
  dayt
  occasion
  momcort
  childcort
  lnmomcort
  lnchildcort
  itn_x
  itn_y
  mmed_x
  mmed_y
  cmed
  Mage_x
  age_y
  Medu_x
  Medu_y
  Cage_x
  Cage_y
  Csex_x
  Csex_y
  EndsMeet_x
  EndsMeet_y
  UnmetNeeds_x
  UnmetNeeds_y
  EconAdj_x
  EconAdj_y
  MC
  CC
  MW
  CW
  mstress
  sdstress
  mc_c
  cc_c
  mw_c
  cw_c
  NCohesion
  NQual
  FinConcern
  FinConComp
  MatNeedsComp
  pregnant
  discrimination
  covid
  timec;

    missing are all (999);

    usevariables ARE id lnmomcort lnchildcort timec mmed_y mstress
    pregnant Cage_y covid cmed itn_y MatNeedsComp EconAdj_y FinConComp;


    CLUSTER = id;
    WITHIN = timec;
    BETWEEN = mmed_y mstress
    pregnant Cage_y covid cmed itn_y MatNeedsComp EconAdj_y FinConComp;

    define:

     !STANDARDIZE lnmomcort lnchildcort mmed_y mstress
     !pregnant Cage_y covid cmed itn_y MatNeedsComp EconAdj_y FinConComp;

  CENTER mmed_y mstress
  pregnant Cage_y covid cmed itn_y MatNeedsComp EconAdj_y FinConComp(grandmean);


  ANALYSIS:
    TYPE = TWOLEVEL RANDOM;
    Estimator = MLR;
  MODEL:
    %WITHIN%
     sm | lnmomcort ON timec ;
     sc | lnchildcort ON timec ;
     lnmomcort WITH lnchildcort;

    %BETWEEN%
    lnmomcort on mmed_y mstress pregnant covid itn_y MatNeedsComp EconAdj_y FinConComp;
    sm on  mmed_y mstress pregnant covid itn_y MatNeedsComp EconAdj_y FinConComp;
    lnchildcort on mstress Cage_y covid cmed itn_y MatNeedsComp EconAdj_y FinConComp;
    sc on mstress Cage_y cmed itn_y MatNeedsComp EconAdj_y FinConComp;

  	lnmomcort WITH lnchildcort;
   	sm WITH sc;
   	lnmomcort WITH sc;
   	lnchildcort WITH sm;


    	[mmed_y@0];
   	[mstress@0];
   	[pregnant@0];

   	[Cage_y@0];
     	Cage_y WITH mstress;
    	[covid@0];

    	mmed_y WITH cmed;
    	[cmed@0];

       	mmed_y WITH itn_y;
   	[itn_y@0];
      	mstress WITH itn_y;

        	MatNeedsComp WITH itn_y;
    	[MatNeedsComp@0];
   	MatNeedsComp WITH mstress;

      	EconAdj_y WITH itn_y;
    	[EconAdj_y@0];
   	EconAdj_y WITH mstress;
    	EconAdj_y WITH MatNeedsComp;
    	EconAdj_y WITH Cage_y;


  	MatNeedsComp WITH FinConComp;
    	[FinConComp@0];
    	FinConComp WITH mstress;

   	FinConComp WITH itn_y;
   	EconAdj_y WITH FinConComp;

    	covid WITH FinConComp;

    output: Cinterval ;



*** WARNING in VARIABLE command
  Note that only the first 8 characters of variable names are used in the output.
  Shorten variable names to avoid any confusion.
*** WARNING
  One or more individual-level variables have no variation within a
  cluster for the following clusters.

     Variable   Cluster IDs with no within-cluster variation

      TIMEC       1084 1092 1100 1102 1104 2052 1094 1097 2005 2010 2012 2064

   2 WARNING(S) FOUND IN THE INPUT INSTRUCTIONS




Two level multilevel model in Mplus

SUMMARY OF ANALYSIS

Number of groups                                                 1
Number of observations                                         480

Number of dependent variables                                    2
Number of independent variables                                 11
Number of continuous latent variables                            2

Observed dependent variables

  Continuous
   LNMOMCORT   LNCHILDCOR

Observed independent variables
   TIMEC       MMED_Y      MSTRESS     PREGNANT    CAGE_Y      COVID
   CMED        ITN_Y       MATNEEDS    ECONADJ_    FINCONCO

Continuous latent variables
   SM          SC

Variables with special functions

  Cluster variable      ID

  Within variables
   TIMEC

  Between variables
   MMED_Y      MSTRESS     PREGNANT    CAGE_Y      COVID       CMED
   ITN_Y       MATNEEDS    ECONADJ_    FINCONCO

  Centering (GRANDMEAN)
   MMED_Y      MSTRESS     PREGNANT    CAGE_Y      COVID       CMED
   ITN_Y       MATNEEDS    ECONADJ_    FINCONCO


Estimator                                                      MLR
Information matrix                                        OBSERVED
Maximum number of iterations                                   100
Convergence criterion                                    0.100D-05
Maximum number of EM iterations                                500
Convergence criteria for the EM algorithm
  Loglikelihood change                                   0.100D-02
  Relative loglikelihood change                          0.100D-05
  Derivative                                             0.100D-03
Minimum variance                                         0.100D-03
Maximum number of steepest descent iterations                   20
Maximum number of iterations for H1                           2000
Convergence criterion for H1                             0.100D-03
Optimization algorithm                                         EMA

Input data file(s)
  Final_ISDP_72_Mplus2022-07-05.csv
Input data format  FREE


SUMMARY OF DATA

     Number of missing data patterns            15
     Number of clusters                         72



COVARIANCE COVERAGE OF DATA

Minimum covariance coverage value   0.100


     PROPORTION OF DATA PRESENT


           Covariance Coverage
              MMED_Y        MSTRESS       PREGNANT      CAGE_Y        COVID
              ________      ________      ________      ________      ________
 MMED_Y         0.981
 MSTRESS        0.981         1.000
 PREGNANT       0.981         1.000         1.000
 CAGE_Y         0.981         1.000         1.000         1.000
 COVID          0.981         1.000         1.000         1.000         1.000
 CMED           0.981         0.981         0.981         0.981         0.981
 ITN_Y          0.933         0.952         0.952         0.952         0.952
 MATNEEDS       0.713         0.731         0.731         0.731         0.731
 ECONADJ_       0.713         0.731         0.731         0.731         0.731
 FINCONCO       0.713         0.731         0.731         0.731         0.731
 LNMOMCOR       0.912         0.929         0.929         0.929         0.929
 LNCHILDC       0.831         0.850         0.850         0.850         0.850
 TIMEC          0.981         1.000         1.000         1.000         1.000


           Covariance Coverage
              CMED          ITN_Y         MATNEEDS      ECONADJ_      FINCONCO
              ________      ________      ________      ________      ________
 CMED           0.981
 ITN_Y          0.933         0.952
 MATNEEDS       0.713         0.700         0.731
 ECONADJ_       0.713         0.700         0.731         0.731
 FINCONCO       0.713         0.700         0.731         0.731         0.731
 LNMOMCOR       0.912         0.885         0.665         0.665         0.665
 LNCHILDC       0.831         0.810         0.604         0.604         0.604
 TIMEC          0.981         0.952         0.731         0.731         0.731


           Covariance Coverage
              LNMOMCOR      LNCHILDC      TIMEC
              ________      ________      ________
 LNMOMCOR       0.929
 LNCHILDC       0.810         0.850
 TIMEC          0.929         0.850         1.000



UNIVARIATE SAMPLE STATISTICS


     UNIVARIATE HIGHER-ORDER MOMENT DESCRIPTIVE STATISTICS

         Variable/         Mean/     Skewness/   Minimum/ % with                Percentiles
        Sample Size      Variance    Kurtosis    Maximum  Min/Max      20%/60%    40%/80%    Median

     MMED_Y                0.000       1.522      -0.197   80.28%      -0.197     -0.197     -0.197
              71.000       0.158       0.317       0.803   19.72%      -0.197     -0.197
     MSTRESS               0.000       1.487      -8.732   22.22%      -8.732     -4.565     -3.908
              72.000      93.983       1.735      31.602    1.39%      -0.946      6.268
     PREGNANT              0.000      -4.587      -0.958    4.17%       0.042      0.042      0.042
              72.000       0.040      19.043       0.042   95.83%       0.042      0.042
     CAGE_Y                0.000       0.387      -7.977    1.39%      -6.400     -4.231     -2.556
              72.000      37.076      -1.191      16.171    1.39%       4.836      5.691
     COVID                 0.000       1.661      -0.181   81.94%      -0.181     -0.181     -0.181
              72.000       0.148       0.759       0.819   18.06%      -0.181     -0.181
     CMED                  0.000       2.244      -0.127   87.32%      -0.127     -0.127     -0.127
              71.000       0.111       3.034       0.873   12.68%      -0.127     -0.127
     ITN_Y                 0.000       1.065      -1.186    1.45%      -0.860     -0.563     -0.241
              69.000       1.005       0.437       2.829    1.45%       0.046      0.570
     MATNEEDSCOMP          0.000       0.489      -0.867    9.09%      -0.742     -0.492     -0.117
              55.000       0.504      -0.996       1.508    3.64%       0.008      0.758
     ECONADJ_Y             0.000       1.693      -0.192   32.73%      -0.192     -0.081     -0.081
              55.000       0.050       2.855       0.808    1.82%       0.030      0.141
     FINCONCOMP            0.000       0.753      -0.609   32.73%      -0.609     -0.323     -0.180
              55.000       0.377      -0.441       1.534    3.64%       0.106      0.534
     LNMOMCORT            -2.217      -0.073      -4.656    0.22%      -3.194     -2.564     -2.169
             446.000       1.051      -0.673       1.099    0.22%      -1.829     -1.231
     LNCHILDCORT          -1.813      -0.079      -4.423    0.25%      -2.584     -2.071     -1.794
             408.000       0.799      -0.466       0.921    0.25%      -1.535     -0.990
     TIMEC                 0.923       0.146       0.000   39.58%       0.000      1.000      1.000
             480.000       0.709      -1.574       2.000   31.87%       1.000      2.000


THE MODEL ESTIMATION TERMINATED NORMALLY



MODEL FIT INFORMATION

Number of Free Parameters                       71

Loglikelihood

          H0 Value                       -1497.327
          H0 Scaling Correction Factor      1.2486
            for MLR

Information Criteria

          Akaike (AIC)                    3136.653
          Bayesian (BIC)                  3432.992
          Sample-Size Adjusted BIC        3207.646
            (n* = (n + 2) / 24)



MODEL RESULTS

                                                    Two-Tailed
                    Estimate       S.E.  Est./S.E.    P-Value

Within Level

 LNMOMCOR WITH
    LNCHILDCOR         0.080      0.017      4.708      0.000

 Residual Variances
    LNMOMCORT          0.270      0.054      5.005      0.000
    LNCHILDCOR         0.328      0.038      8.626      0.000

Between Level

 SM         ON
    MMED_Y             0.235      0.099      2.375      0.018
    MSTRESS           -0.010      0.004     -2.927      0.003
    PREGNANT          -0.376      0.131     -2.865      0.004
    COVID             -0.351      0.178     -1.971      0.049
    ITN_Y              0.002      0.053      0.039      0.969
    MATNEEDSCO        -0.093      0.068     -1.368      0.171
    ECONADJ_Y         -0.030      0.129     -0.235      0.814
    FINCONCOMP         0.240      0.086      2.783      0.005

 SC         ON
    MSTRESS           -0.008      0.006     -1.260      0.208
    CAGE_Y            -0.005      0.008     -0.704      0.481
    CMED              -0.136      0.165     -0.822      0.411
    ITN_Y              0.064      0.046      1.386      0.166
    MATNEEDSCO        -0.004      0.090     -0.044      0.965
    ECONADJ_Y         -0.024      0.196     -0.122      0.903
    FINCONCOMP         0.144      0.143      1.007      0.314

 LNMOMCORT  ON
    MMED_Y            -0.032      0.102     -0.313      0.755
    MSTRESS            0.004      0.005      0.948      0.343
    PREGNANT          -0.251      0.123     -2.033      0.042
    COVID              0.214      0.149      1.438      0.150
    ITN_Y              0.012      0.060      0.193      0.847
    MATNEEDSCO         0.212      0.082      2.584      0.010
    ECONADJ_Y         -0.063      0.236     -0.266      0.790
    FINCONCOMP        -0.047      0.132     -0.353      0.724

 LNCHILDCOR ON
    MSTRESS            0.016      0.006      2.707      0.007
    CAGE_Y            -0.017      0.009     -1.945      0.052
    COVID              0.138      0.111      1.242      0.214
    CMED               0.518      0.100      5.180      0.000
    ITN_Y             -0.113      0.064     -1.767      0.077
    MATNEEDSCO        -0.008      0.096     -0.082      0.935
    ECONADJ_Y         -0.003      0.208     -0.016      0.987
    FINCONCOMP        -0.088      0.116     -0.755      0.450

 LNMOMCOR WITH
    SC                -0.016      0.022     -0.718      0.473

 SM       WITH
    SC                 0.030      0.019      1.619      0.106
    LNCHILDCOR        -0.023      0.018     -1.277      0.202

 LNMOMCOR WITH
    LNCHILDCOR         0.018      0.021      0.881      0.378

 CAGE_Y   WITH
    MSTRESS           14.972      7.128      2.100      0.036
    ECONADJ_Y          0.264      0.154      1.713      0.087

 MMED_Y   WITH
    CMED               0.058      0.022      2.609      0.009
    ITN_Y              0.120      0.046      2.590      0.010

 MSTRESS  WITH
    ITN_Y             -1.293      0.826     -1.566      0.117
    MATNEEDSCO         1.577      0.848      1.859      0.063
    ECONADJ_Y          0.461      0.215      2.147      0.032
    FINCONCOMP         2.547      0.613      4.156      0.000

 MATNEEDS WITH
    ITN_Y             -0.201      0.081     -2.480      0.013
    ECONADJ_Y          0.071      0.026      2.733      0.006
    FINCONCOMP         0.232      0.050      4.657      0.000

 ECONADJ_ WITH
    ITN_Y             -0.050      0.022     -2.310      0.021
    FINCONCOMP         0.051      0.017      2.979      0.003

 FINCONCO WITH
    ITN_Y             -0.167      0.052     -3.213      0.001
    COVID              0.047      0.021      2.187      0.029

 Means
    MMED_Y             0.000      0.000    999.000    999.000
    MSTRESS            0.000      0.000    999.000    999.000
    PREGNANT           0.000      0.000    999.000    999.000
    CAGE_Y             0.000      0.000    999.000    999.000
    COVID              0.000      0.000    999.000    999.000
    CMED               0.000      0.000    999.000    999.000
    ITN_Y              0.000      0.000    999.000    999.000
    MATNEEDSCO         0.000      0.000    999.000    999.000
    ECONADJ_Y          0.000      0.000    999.000    999.000
    FINCONCOMP         0.000      0.000    999.000    999.000

 Intercepts
    LNMOMCORT         -1.359      0.041    -33.229      0.000
    LNCHILDCOR        -1.257      0.048    -26.018      0.000
    SM                -0.941      0.050    -18.728      0.000
    SC                -0.583      0.047    -12.289      0.000

 Variances
    MMED_Y             0.157      0.028      5.581      0.000
    MSTRESS           91.809     20.589      4.459      0.000
    PREGNANT           0.040      0.022      1.850      0.064
    CAGE_Y            37.076      3.931      9.431      0.000
    COVID              0.148      0.029      5.109      0.000
    CMED               0.110      0.029      3.763      0.000
    ITN_Y              0.968      0.179      5.395      0.000
    MATNEEDSCO         0.497      0.067      7.464      0.000
    ECONADJ_Y          0.048      0.015      3.303      0.001
    FINCONCOMP         0.350      0.058      5.995      0.000

 Residual Variances
    LNMOMCORT          0.032      0.022      1.477      0.140
    LNCHILDCOR         0.060      0.028      2.124      0.034
    SM                 0.041      0.017      2.388      0.017
    SC                 0.063      0.019      3.403      0.001


QUALITY OF NUMERICAL RESULTS

     Condition Number for the Information Matrix              0.317E-09
       (ratio of smallest to largest eigenvalue)


CONFIDENCE INTERVALS OF MODEL RESULTS

                  Lower .5%  Lower 2.5%    Lower 5%    Estimate    Upper 5%  Upper 2.5%   Upper .5%

Within Level

 LNMOMCOR WITH
    LNCHILDCOR       0.036       0.047       0.052       0.080       0.108       0.113       0.124

 Residual Variances
    LNMOMCORT        0.131       0.164       0.181       0.270       0.359       0.376       0.409
    LNCHILDCOR       0.230       0.254       0.266       0.328       0.391       0.403       0.426

Between Level

 SM       ON
    MMED_Y          -0.020       0.041       0.072       0.235       0.397       0.428       0.489
    MSTRESS         -0.019      -0.017      -0.016      -0.010      -0.005      -0.003      -0.001
    PREGNANT        -0.715      -0.634      -0.593      -0.376      -0.160      -0.119      -0.038
    COVID           -0.809      -0.699      -0.643      -0.351      -0.058      -0.002       0.108
    ITN_Y           -0.134      -0.101      -0.085       0.002       0.089       0.106       0.138
    MATNEEDSCO      -0.268      -0.226      -0.205      -0.093       0.019       0.040       0.082
    ECONADJ_Y       -0.362      -0.283      -0.242      -0.030       0.181       0.222       0.301
    FINCONCOMP       0.018       0.071       0.098       0.240       0.381       0.408       0.461

 SC       ON
    MSTRESS         -0.023      -0.019      -0.017      -0.008       0.002       0.004       0.008
    CAGE_Y          -0.025      -0.021      -0.018      -0.005       0.007       0.010       0.014
    CMED            -0.562      -0.460      -0.408      -0.136       0.136       0.188       0.290
    ITN_Y           -0.055      -0.027      -0.012       0.064       0.141       0.155       0.184
    MATNEEDSCO      -0.235      -0.180      -0.152      -0.004       0.144       0.172       0.227
    ECONADJ_Y       -0.529      -0.408      -0.346      -0.024       0.298       0.360       0.481
    FINCONCOMP      -0.225      -0.137      -0.092       0.144       0.380       0.426       0.514

 LNMOMCOR ON
    MMED_Y          -0.296      -0.233      -0.201      -0.032       0.137       0.169       0.232
    MSTRESS         -0.007      -0.005      -0.003       0.004       0.012       0.013       0.016
    PREGNANT        -0.569      -0.493      -0.454      -0.251      -0.048      -0.009       0.067
    COVID           -0.170      -0.078      -0.031       0.214       0.460       0.506       0.598
    ITN_Y           -0.144      -0.107      -0.088       0.012       0.111       0.130       0.167
    MATNEEDSCO       0.001       0.051       0.077       0.212       0.348       0.373       0.424
    ECONADJ_Y       -0.672      -0.526      -0.452      -0.063       0.326       0.401       0.546
    FINCONCOMP      -0.387      -0.306      -0.264      -0.047       0.171       0.212       0.294

 LNCHILDC ON
    MSTRESS          0.001       0.004       0.006       0.016       0.026       0.028       0.032
    CAGE_Y          -0.041      -0.035      -0.032      -0.017      -0.003       0.000       0.006
    COVID           -0.148      -0.080      -0.045       0.138       0.321       0.356       0.425
    CMED             0.261       0.322       0.354       0.518       0.683       0.714       0.776
    ITN_Y           -0.277      -0.238      -0.218      -0.113      -0.008       0.012       0.052
    MATNEEDSCO      -0.254      -0.195      -0.165      -0.008       0.149       0.179       0.238
    ECONADJ_Y       -0.539      -0.411      -0.345      -0.003       0.339       0.404       0.532
    FINCONCOMP      -0.387      -0.316      -0.279      -0.088       0.103       0.140       0.212

 LNMOMCOR WITH
    SC              -0.072      -0.059      -0.052      -0.016       0.020       0.027       0.041

 SM       WITH
    SC              -0.018      -0.006       0.000       0.030       0.061       0.067       0.078
    LNCHILDCOR      -0.070      -0.059      -0.053      -0.023       0.007       0.012       0.024

 LNMOMCOR WITH
    LNCHILDCOR      -0.035      -0.022      -0.016       0.018       0.052       0.059       0.072

 CAGE_Y   WITH
    MSTRESS         -3.389       1.001       3.246      14.972      26.698      28.944      33.333
    ECONADJ_Y       -0.133      -0.038       0.011       0.264       0.518       0.566       0.661

 MMED_Y   WITH
    CMED             0.001       0.014       0.022       0.058       0.095       0.102       0.116
    ITN_Y            0.001       0.029       0.044       0.120       0.196       0.211       0.239

 MSTRESS  WITH
    ITN_Y           -3.421      -2.912      -2.652      -1.293       0.065       0.325       0.834
    MATNEEDSCO      -0.608      -0.086       0.181       1.577       2.972       3.239       3.761
    ECONADJ_Y       -0.092       0.040       0.108       0.461       0.815       0.882       1.015
    FINCONCOMP       0.968       1.346       1.539       2.547       3.555       3.748       4.125

 MATNEEDS WITH
    ITN_Y           -0.410      -0.360      -0.335      -0.201      -0.068      -0.042       0.008
    ECONADJ_Y        0.004       0.020       0.028       0.071       0.114       0.122       0.138
    FINCONCOMP       0.104       0.134       0.150       0.232       0.314       0.329       0.360

 ECONADJ_ WITH
    ITN_Y           -0.106      -0.093      -0.086      -0.050      -0.014      -0.008       0.006
    FINCONCOMP       0.007       0.018       0.023       0.051       0.080       0.085       0.096

 FINCONCO WITH
    ITN_Y           -0.302      -0.269      -0.253      -0.167      -0.082      -0.065      -0.033
    COVID           -0.008       0.005       0.012       0.047       0.082       0.089       0.102

 Means
    MMED_Y           0.000       0.000       0.000       0.000       0.000       0.000       0.000
    MSTRESS          0.000       0.000       0.000       0.000       0.000       0.000       0.000
    PREGNANT         0.000       0.000       0.000       0.000       0.000       0.000       0.000
    CAGE_Y           0.000       0.000       0.000       0.000       0.000       0.000       0.000
    COVID            0.000       0.000       0.000       0.000       0.000       0.000       0.000
    CMED             0.000       0.000       0.000       0.000       0.000       0.000       0.000
    ITN_Y            0.000       0.000       0.000       0.000       0.000       0.000       0.000
    MATNEEDSCO       0.000       0.000       0.000       0.000       0.000       0.000       0.000
    ECONADJ_Y        0.000       0.000       0.000       0.000       0.000       0.000       0.000
    FINCONCOMP       0.000       0.000       0.000       0.000       0.000       0.000       0.000

 Intercepts
    LNMOMCORT       -1.464      -1.439      -1.426      -1.359      -1.292      -1.279      -1.254
    LNCHILDCOR      -1.381      -1.352      -1.336      -1.257      -1.177      -1.162      -1.133
    SM              -1.070      -1.039      -1.023      -0.941      -0.858      -0.842      -0.811
    SC              -0.705      -0.675      -0.661      -0.583      -0.505      -0.490      -0.460

 Variances
    MMED_Y           0.084       0.102       0.111       0.157       0.203       0.212       0.229
    MSTRESS         38.777      51.456      57.941      91.809     125.678     132.163     144.842
    PREGNANT        -0.016      -0.002       0.004       0.040       0.075       0.082       0.096
    CAGE_Y          26.950      29.371      30.609      37.076      43.542      44.780      47.201
    COVID            0.073       0.091       0.100       0.148       0.196       0.205       0.223
    CMED             0.035       0.053       0.062       0.110       0.159       0.168       0.186
    ITN_Y            0.506       0.617       0.673       0.968       1.263       1.320       1.431
    MATNEEDSCO       0.326       0.367       0.388       0.497       0.607       0.628       0.669
    ECONADJ_Y        0.011       0.020       0.024       0.048       0.073       0.077       0.086
    FINCONCOMP       0.199       0.235       0.254       0.350       0.445       0.464       0.500

 Residual Variances
    LNMOMCORT       -0.024      -0.010      -0.004       0.032       0.067       0.074       0.087
    LNCHILDCOR      -0.013       0.005       0.014       0.060       0.107       0.116       0.134
    SM              -0.003       0.007       0.013       0.041       0.069       0.074       0.085
    SC               0.015       0.027       0.033       0.063       0.093       0.099       0.111


     Beginning Time:  15:16:40
        Ending Time:  15:16:42
       Elapsed Time:  00:00:02



MUTHEN & MUTHEN
3463 Stoner Ave.
Los Angeles, CA  90066

Tel: (310) 391-9971
Fax: (310) 391-8971
Web: www.StatModel.com
Support: Support@StatModel.com

Copyright (c) 1998-2019 Muthen & Muthen
